[32m[OK](B[m fonts-firacode is already installed. Skipping...
[32m[OK](B[m fonts-font-awesome is already installed. Skipping...
[32m[OK](B[m fonts-noto is already installed. Skipping...
[32m[OK](B[m fonts-noto-cjk is already installed. Skipping...
[32m[OK](B[m fonts-noto-color-emoji is already installed. Skipping...
  % Total    % Received % Xferd  Average Speed   Time    Time     Time  Current
                                 Dload  Upload   Total   Spent    Left  Speed
  0     0    0     0    0     0      0      0 --:--:-- --:--:-- --:--:--     0  0     0    0     0    0     0      0      0 --:--:-- --:--:-- --:--:--     0
  0     0    0     0    0     0      0      0 --:--:-- --:--:-- --:--:--     0
100 5548k  100 5548k    0     0  14.2M      0 --:--:-- --:--:-- --:--:-- 14.2M
Font directories:
	/home/anti/.local/share/fonts
	/usr/local/share/fonts
	/usr/share/fonts
	/home/anti/.fonts
	/home/anti/.local/share/fonts/JetBrainsMonoNerd
	/usr/share/fonts/X11
	/usr/share/fonts/cMap
	/usr/share/fonts/cmap
	/usr/share/fonts/opentype
	/usr/share/fonts/truetype
	/usr/share/fonts/type1
	/usr/share/fonts/X11/Type1
	/usr/share/fonts/X11/encodings
	/usr/share/fonts/X11/misc
	/usr/share/fonts/X11/util
	/usr/share/fonts/cmap/adobe-cns1
	/usr/share/fonts/cmap/adobe-gb1
	/usr/share/fonts/cmap/adobe-japan1
	/usr/share/fonts/cmap/adobe-japan2
	/usr/share/fonts/cmap/adobe-korea1
	/usr/share/fonts/opentype/font-awesome
	/usr/share/fonts/opentype/noto
	/usr/share/fonts/opentype/urw-base35
	/usr/share/fonts/truetype/dejavu
	/usr/share/fonts/truetype/droid
	/usr/share/fonts/truetype/firacode
	/usr/share/fonts/truetype/font-awesome
	/usr/share/fonts/truetype/noto
	/usr/share/fonts/truetype/open-sans
	/usr/share/fonts/type1/urw-base35
	/usr/share/fonts/X11/encodings/large
/home/anti/.local/share/fonts: skipping, existing cache is valid: 0 fonts, 1 dirs
/home/anti/.local/share/fonts/JetBrainsMonoNerd: skipping, existing cache is valid: 96 fonts, 0 dirs
/usr/local/share/fonts: skipping, existing cache is valid: 0 fonts, 0 dirs
/usr/share/fonts: skipping, existing cache is valid: 0 fonts, 6 dirs
/usr/share/fonts/X11: skipping, existing cache is valid: 0 fonts, 4 dirs
/usr/share/fonts/X11/Type1: skipping, existing cache is valid: 35 fonts, 0 dirs
/usr/share/fonts/X11/encodings: skipping, existing cache is valid: 0 fonts, 1 dirs
/usr/share/fonts/X11/encodings/large: skipping, existing cache is valid: 0 fonts, 0 dirs
/usr/share/fonts/X11/misc: skipping, existing cache is valid: 89 fonts, 0 dirs
/usr/share/fonts/X11/util: skipping, existing cache is valid: 0 fonts, 0 dirs
/usr/share/fonts/cMap: skipping, existing cache is valid: 0 fonts, 0 dirs
/usr/share/fonts/cmap: skipping, existing cache is valid: 0 fonts, 5 dirs
/usr/share/fonts/cmap/adobe-cns1: skipping, existing cache is valid: 0 fonts, 0 dirs
/usr/share/fonts/cmap/adobe-gb1: skipping, existing cache is valid: 0 fonts, 0 dirs
/usr/share/fonts/cmap/adobe-japan1: skipping, existing cache is valid: 0 fonts, 0 dirs
/usr/share/fonts/cmap/adobe-japan2: skipping, existing cache is valid: 0 fonts, 0 dirs
/usr/share/fonts/cmap/adobe-korea1: skipping, existing cache is valid: 0 fonts, 0 dirs
/usr/share/fonts/opentype: skipping, existing cache is valid: 0 fonts, 3 dirs
/usr/share/fonts/opentype/font-awesome: skipping, existing cache is valid: 1 fonts, 0 dirs
/usr/share/fonts/opentype/noto: skipping, existing cache is valid: 80 fonts, 0 dirs
/usr/share/fonts/opentype/urw-base35: skipping, existing cache is valid: 35 fonts, 0 dirs
/usr/share/fonts/truetype: skipping, existing cache is valid: 0 fonts, 6 dirs
/usr/share/fonts/truetype/dejavu: skipping, existing cache is valid: 8 fonts, 0 dirs
/usr/share/fonts/truetype/droid: skipping, existing cache is valid: 1 fonts, 0 dirs
/usr/share/fonts/truetype/firacode: skipping, existing cache is valid: 6 fonts, 0 dirs
/usr/share/fonts/truetype/font-awesome: skipping, existing cache is valid: 1 fonts, 0 dirs
/usr/share/fonts/truetype/noto: skipping, existing cache is valid: 2380 fonts, 0 dirs
/usr/share/fonts/truetype/open-sans: skipping, existing cache is valid: 13 fonts, 0 dirs
/usr/share/fonts/type1: skipping, existing cache is valid: 0 fonts, 1 dirs
/usr/share/fonts/type1/urw-base35: skipping, existing cache is valid: 35 fonts, 0 dirs
/home/anti/.fonts: skipping, no such directory
/home/anti/.local/share/fonts/JetBrainsMonoNerd: skipping, looped directory detected
/usr/share/fonts/X11: skipping, looped directory detected
/usr/share/fonts/cMap: skipping, looped directory detected
/usr/share/fonts/cmap: skipping, looped directory detected
/usr/share/fonts/opentype: skipping, looped directory detected
/usr/share/fonts/truetype: skipping, looped directory detected
/usr/share/fonts/type1: skipping, looped directory detected
/usr/share/fonts/X11/Type1: skipping, looped directory detected
/usr/share/fonts/X11/encodings: skipping, looped directory detected
/usr/share/fonts/X11/misc: skipping, looped directory detected
/usr/share/fonts/X11/util: skipping, looped directory detected
/usr/share/fonts/cmap/adobe-cns1: skipping, looped directory detected
/usr/share/fonts/cmap/adobe-gb1: skipping, looped directory detected
/usr/share/fonts/cmap/adobe-japan1: skipping, looped directory detected
/usr/share/fonts/cmap/adobe-japan2: skipping, looped directory detected
/usr/share/fonts/cmap/adobe-korea1: skipping, looped directory detected
/usr/share/fonts/opentype/font-awesome: skipping, looped directory detected
/usr/share/fonts/opentype/noto: skipping, looped directory detected
/usr/share/fonts/opentype/urw-base35: skipping, looped directory detected
/usr/share/fonts/truetype/dejavu: skipping, looped directory detected
/usr/share/fonts/truetype/droid: skipping, looped directory detected
/usr/share/fonts/truetype/firacode: skipping, looped directory detected
/usr/share/fonts/truetype/font-awesome: skipping, looped directory detected
/usr/share/fonts/truetype/noto: skipping, looped directory detected
/usr/share/fonts/truetype/open-sans: skipping, looped directory detected
/usr/share/fonts/type1/urw-base35: skipping, looped directory detected
/usr/share/fonts/X11/encodings/large: skipping, looped directory detected
/var/cache/fontconfig: not cleaning unwritable cache directory
/home/anti/.cache/fontconfig: cleaning cache directory
/home/anti/.fontconfig: not cleaning non-existent cache directory
fc-cache: succeeded
